Using pre-set license

 COMMAND LINE ARGUMENTS:
/Applications/Unity/Hub/Editor/2020.2.5f1/Unity.app/Contents/MacOS/Unity
-adb2
-batchMode
-noUpm
-name
AssetImportWorker0
-projectPath
/Users/adam/GitHub/SUP/bmlSUP_Project
-logFile
Logs/AssetImportWorker0.log
-srvPort
61467
Successfully changed project path to: /Users/adam/GitHub/SUP/bmlSUP_Project
/Users/adam/GitHub/SUP/bmlSUP_Project
Using Asset Import Pipeline V2.
Refreshing native plugins compatible for Editor in 18.79 ms, found 4 plugins.
Preloading 0 native plugins for Editor in 0.00 ms.
Initialize engine version: 2020.2.5f1 (e2c53f129de5)
[Subsystems] Discovering subsystems at path /Applications/Unity/Hub/Editor/2020.2.5f1/Unity.app/Contents/Resources/UnitySubsystems
[Subsystems] Discovering subsystems at path /Users/adam/GitHub/SUP/bmlSUP_Project/Assets
GfxDevice: creating device client; threaded=0
2021-02-25 12:17:37.075 Unity[44738:6195672] DELL U2713HM preferred device: AMD Radeon RX 580 (high power)
2021-02-25 12:17:37.075 Unity[44738:6195672] Metal devices available: 1
2021-02-25 12:17:37.075 Unity[44738:6195672] 0: AMD Radeon RX 580 (high power)
2021-02-25 12:17:37.076 Unity[44738:6195672] Using device AMD Radeon RX 580 (high power)
Initializing Metal device caps: AMD Radeon RX 580
Initialize mono
Mono path[0] = '/Applications/Unity/Hub/Editor/2020.2.5f1/Unity.app/Contents/Managed'
Mono path[1] = '/Applications/Unity/Hub/Editor/2020.2.5f1/Unity.app/Contents/MonoBleedingEdge/lib/mono/unityjit'
Mono config path = '/Applications/Unity/Hub/Editor/2020.2.5f1/Unity.app/Contents/MonoBleedingEdge/etc'
Using monoOptions --debugger-agent=transport=dt_socket,embedding=1,server=y,suspend=n,address=127.0.0.1:56738
Begin MonoManager ReloadAssembly
Registering precompiled unity dll's ...
Register platform support module: /Applications/Unity/Hub/Editor/2020.2.5f1/Unity.app/Contents/PlaybackEngines/MacStandaloneSupport/UnityEditor.OSXStandalone.Extensions.dll
Register platform support module: /Applications/Unity/Hub/Editor/2020.2.5f1/PlaybackEngines/WindowsStandaloneSupport/UnityEditor.WindowsStandalone.Extensions.dll
Register platform support module: /Applications/Unity/Hub/Editor/2020.2.5f1/PlaybackEngines/LinuxStandaloneSupport/UnityEditor.LinuxStandalone.Extensions.dll
Registered in 0.029906 seconds.
Native extension for LinuxStandalone target not found
Native extension for WindowsStandalone target not found
Native extension for OSXStandalone target not found
Refreshing native plugins compatible for Editor in 17.71 ms, found 4 plugins.
Preloading 0 native plugins for Editor in 0.00 ms.
Invoked RoslynAnalysisRunner static constructor.
RoslynAnalysisRunner will not be running.
RoslynAnalysisRunner has terminated.
Mono: successfully reloaded assembly
- Completed reload, in  1.232 seconds
Platform modules already initialized, skipping
Registering precompiled user dll's ...
Registered in 0.001290 seconds.
Begin MonoManager ReloadAssembly
Native extension for LinuxStandalone target not found
Native extension for WindowsStandalone target not found
Native extension for OSXStandalone target not found
Refreshing native plugins compatible for Editor in 0.26 ms, found 4 plugins.
Preloading 0 native plugins for Editor in 0.00 ms.
Invoked RoslynAnalysisRunner static constructor.
RoslynAnalysisRunner will not be running.
RoslynAnalysisRunner has terminated.
Mono: successfully reloaded assembly
- Completed reload, in  0.814 seconds
Platform modules already initialized, skipping
========================================================================
Worker process is ready to serve import requests
Launching external process: /Applications/Unity/Hub/Editor/2020.2.5f1/Unity.app/Contents/Tools/UnityShaderCompiler
Launched and connected shader compiler UnityShaderCompiler after 0.01 seconds
Refreshing native plugins compatible for Editor in 0.24 ms, found 4 plugins.
Preloading 0 native plugins for Editor in 0.00 ms.
Unloading 963 Unused Serialized files (Serialized files now loaded: 0)
System memory in use before: 116.3 MB.
System memory in use after: 116.4 MB.

Unloading 27 unused Assets to reduce memory usage. Loaded Objects now: 1392.
Total: 1.339130 ms (FindLiveObjects: 0.116331 ms CreateObjectMapping: 0.030399 ms MarkObjects: 1.134389 ms  DeleteObjects: 0.057118 ms)

========================================================================
Received Import Request.
  path: Packages/com.biomotionlab.sup/Settings/Default Display Settings.asset
  artifactKey: Guid(0e4d1afa9676df64b89b6b93e5ce0fbb) Importer(815301076,1909f56bfc062723c751e8b465ee728b)
Start importing Packages/com.biomotionlab.sup/Settings/Default Display Settings.asset using Guid(0e4d1afa9676df64b89b6b93e5ce0fbb) Importer(815301076,1909f56bfc062723c751e8b465ee728b)  -> (artifact id: '836033821202ad737752b274eb23d337') in 0.180459 seconds
  Import took 0.181817 seconds .

========================================================================
Received Import Request.
  Time since last request: 2.807000 seconds.
  path: Assets/TextMesh Pro/Resources/Fonts & Materials/LiberationSans SDF.asset
  artifactKey: Guid(8f586378b4e144a9851e7b34d9b748ee) Importer(815301076,1909f56bfc062723c751e8b465ee728b)
Start importing Assets/TextMesh Pro/Resources/Fonts & Materials/LiberationSans SDF.asset using Guid(8f586378b4e144a9851e7b34d9b748ee) Importer(815301076,1909f56bfc062723c751e8b465ee728b)  -> (artifact id: '418982659e3f48d6c573d1f8f2b4fcaa') in 0.169562 seconds
  Import took 0.170899 seconds .

========================================================================
Received Import Request.
  Time since last request: 0.000137 seconds.
  path: Packages/com.biomotionlab.sup/Materials/Materials/CharacterMesh/OpaqueMeshPurple.mat
  artifactKey: Guid(6468a6a5690aa204292298f3110d6193) Importer(815301076,1909f56bfc062723c751e8b465ee728b)
Start importing Packages/com.biomotionlab.sup/Materials/Materials/CharacterMesh/OpaqueMeshPurple.mat using Guid(6468a6a5690aa204292298f3110d6193) Importer(815301076,1909f56bfc062723c751e8b465ee728b)  -> (artifact id: 'cc190b2c4096bbf767f24c395c51b2bf') in 0.110179 seconds
  Import took 0.111430 seconds .

========================================================================
Received Import Request.
  Time since last request: 0.000129 seconds.
  path: Packages/com.biomotionlab.sup/Materials/Materials/Bones/RightSideMaterial.mat
  artifactKey: Guid(8bad80b00626096438ec084e61fd4dba) Importer(815301076,1909f56bfc062723c751e8b465ee728b)
Start importing Packages/com.biomotionlab.sup/Materials/Materials/Bones/RightSideMaterial.mat using Guid(8bad80b00626096438ec084e61fd4dba) Importer(815301076,1909f56bfc062723c751e8b465ee728b)  -> (artifact id: 'b2ea3d426776d348d83f785fc01e0413') in 0.004573 seconds
  Import took 0.005735 seconds .

========================================================================
Received Import Request.
  Time since last request: 0.000133 seconds.
  path: Packages/com.biomotionlab.sup/Models/SMPLH/SMPLH Meshes/SMPLH Mesh Female.fbx
  artifactKey: Guid(a214d82a7b33b674796cd49fa3b40f87) Importer(815301076,1909f56bfc062723c751e8b465ee728b)
Start importing Packages/com.biomotionlab.sup/Models/SMPLH/SMPLH Meshes/SMPLH Mesh Female.fbx using Guid(a214d82a7b33b674796cd49fa3b40f87) Importer(815301076,1909f56bfc062723c751e8b465ee728b)  -> (artifact id: '5e9a9c37bd2494b6c4572f15e153ba23') in 0.243066 seconds
  Import took 0.248879 seconds .

========================================================================
Received Import Request.
  Time since last request: 0.000133 seconds.
  path: Packages/com.biomotionlab.sup/Materials/Materials/CharacterMesh/SemiTransparentMaterial.mat
  artifactKey: Guid(390d20f60d542454993698b34318161d) Importer(815301076,1909f56bfc062723c751e8b465ee728b)
Start importing Packages/com.biomotionlab.sup/Materials/Materials/CharacterMesh/SemiTransparentMaterial.mat using Guid(390d20f60d542454993698b34318161d) Importer(815301076,1909f56bfc062723c751e8b465ee728b)  -> (artifact id: '0efcd33ac9c60401e735ef550fb2c77a') in 0.322869 seconds
  Import took 0.324273 seconds .

========================================================================
Received Import Request.
  Time since last request: 0.000155 seconds.
  path: Packages/com.biomotionlab.sup/Materials/Materials/CharacterMesh/textured_f.mat
  artifactKey: Guid(c84c1539a57a94d498b8ea52d4412272) Importer(815301076,1909f56bfc062723c751e8b465ee728b)
Start importing Packages/com.biomotionlab.sup/Materials/Materials/CharacterMesh/textured_f.mat using Guid(c84c1539a57a94d498b8ea52d4412272) Importer(815301076,1909f56bfc062723c751e8b465ee728b)  -> (artifact id: '9c3b2316e81af0688b3446f6723c2ff5') in 0.008596 seconds
  Import took 0.009863 seconds .

========================================================================
Received Import Request.
  Time since last request: 0.000140 seconds.
  path: Packages/com.biomotionlab.sup/Materials/Materials/CharacterMesh/OpaqueMeshGreen.mat
  artifactKey: Guid(1627635193177934092549c1c08bbe37) Importer(815301076,1909f56bfc062723c751e8b465ee728b)
Start importing Packages/com.biomotionlab.sup/Materials/Materials/CharacterMesh/OpaqueMeshGreen.mat using Guid(1627635193177934092549c1c08bbe37) Importer(815301076,1909f56bfc062723c751e8b465ee728b)  -> (artifact id: '9d44c1eeae6f0a59f1ae5bcb5dad4ad2') in 0.004632 seconds
  Import took 0.005898 seconds .

========================================================================
Received Import Request.
  Time since last request: 0.000195 seconds.
  path: Packages/com.biomotionlab.sup/Models/SMPLH/SMPLH Meshes/SMPLH Mesh Male.fbx
  artifactKey: Guid(af9bb6ce23fd5b74aa1f38ce7569e2f2) Importer(815301076,1909f56bfc062723c751e8b465ee728b)
Start importing Packages/com.biomotionlab.sup/Models/SMPLH/SMPLH Meshes/SMPLH Mesh Male.fbx using Guid(af9bb6ce23fd5b74aa1f38ce7569e2f2) Importer(815301076,1909f56bfc062723c751e8b465ee728b)  -> (artifact id: '300e0e636567e1c1f9726cc6dac1a63f') in 0.078585 seconds
  Import took 0.085040 seconds .

========================================================================
Received Import Request.
  Time since last request: 0.000125 seconds.
  path: Packages/com.biomotionlab.sup/Materials/Materials/Bones/NoSideMaterial.mat
  artifactKey: Guid(b17622e691063274ca6e94c332d98f3c) Importer(815301076,1909f56bfc062723c751e8b465ee728b)
Start importing Packages/com.biomotionlab.sup/Materials/Materials/Bones/NoSideMaterial.mat using Guid(b17622e691063274ca6e94c332d98f3c) Importer(815301076,1909f56bfc062723c751e8b465ee728b)  -> (artifact id: '595c22a27107eec4687cb792d8531c81') in 0.004491 seconds
  Import took 0.005818 seconds .

========================================================================
Received Import Request.
  Time since last request: 0.000122 seconds.
  path: Packages/com.biomotionlab.sup/Materials/Materials/CharacterMesh/textured_m.mat
  artifactKey: Guid(2b6d30e87b4e6498f803e8fb88535a6b) Importer(815301076,1909f56bfc062723c751e8b465ee728b)
Start importing Packages/com.biomotionlab.sup/Materials/Materials/CharacterMesh/textured_m.mat using Guid(2b6d30e87b4e6498f803e8fb88535a6b) Importer(815301076,1909f56bfc062723c751e8b465ee728b)  -> (artifact id: 'e21b75916cbdb55527324b3c56bf7786') in 0.004992 seconds
  Import took 0.006234 seconds .

========================================================================
Received Import Request.
  Time since last request: 0.000127 seconds.
  path: Packages/com.biomotionlab.sup/Materials/Materials/CharacterMesh/OpaqueMeshRed.mat
  artifactKey: Guid(b7c5e61b20d0d2843ac333b6f6ba460a) Importer(815301076,1909f56bfc062723c751e8b465ee728b)
Start importing Packages/com.biomotionlab.sup/Materials/Materials/CharacterMesh/OpaqueMeshRed.mat using Guid(b7c5e61b20d0d2843ac333b6f6ba460a) Importer(815301076,1909f56bfc062723c751e8b465ee728b)  -> (artifact id: '4d0cff0ae5f9a95c3768dfd2eb62dc60') in 0.008305 seconds
  Import took 0.009473 seconds .

========================================================================
Received Prepare
Refreshing native plugins compatible for Editor in 2.05 ms, found 4 plugins.
Preloading 0 native plugins for Editor in 0.00 ms.
Unloading 20 Unused Serialized files (Serialized files now loaded: 0)
System memory in use before: 130.4 MB.
System memory in use after: 130.5 MB.

Unloading 21 unused Assets to reduce memory usage. Loaded Objects now: 1439.
Total: 2.178619 ms (FindLiveObjects: 0.147294 ms CreateObjectMapping: 0.053169 ms MarkObjects: 1.955131 ms  DeleteObjects: 0.021793 ms)

========================================================================
Received Prepare
Registering precompiled user dll's ...
Registered in 0.001333 seconds.
Begin MonoManager ReloadAssembly
Native extension for LinuxStandalone target not found
Native extension for WindowsStandalone target not found
Native extension for OSXStandalone target not found
Refreshing native plugins compatible for Editor in 0.26 ms, found 4 plugins.
Preloading 0 native plugins for Editor in 0.00 ms.
Invoked RoslynAnalysisRunner static constructor.
RoslynAnalysisRunner will not be running.
RoslynAnalysisRunner has terminated.
Mono: successfully reloaded assembly
- Completed reload, in  0.735 seconds
Platform modules already initialized, skipping
Refreshing native plugins compatible for Editor in 0.25 ms, found 4 plugins.
Preloading 0 native plugins for Editor in 0.00 ms.
Unloading 946 Unused Serialized files (Serialized files now loaded: 0)
System memory in use before: 147.1 MB.
System memory in use after: 147.2 MB.

Unloading 22 unused Assets to reduce memory usage. Loaded Objects now: 1442.
Total: 2.064106 ms (FindLiveObjects: 0.163326 ms CreateObjectMapping: 0.044521 ms MarkObjects: 1.836520 ms  DeleteObjects: 0.018392 ms)

========================================================================
Received Prepare
Registering precompiled user dll's ...
Registered in 0.001129 seconds.
Begin MonoManager ReloadAssembly
Native extension for LinuxStandalone target not found
Native extension for WindowsStandalone target not found
Native extension for OSXStandalone target not found
Refreshing native plugins compatible for Editor in 0.25 ms, found 4 plugins.
Preloading 0 native plugins for Editor in 0.00 ms.
Invoked RoslynAnalysisRunner static constructor.
RoslynAnalysisRunner will not be running.
RoslynAnalysisRunner has terminated.
Mono: successfully reloaded assembly
- Completed reload, in  0.728 seconds
Platform modules already initialized, skipping
Refreshing native plugins compatible for Editor in 0.25 ms, found 4 plugins.
Preloading 0 native plugins for Editor in 0.00 ms.
Unloading 946 Unused Serialized files (Serialized files now loaded: 0)
System memory in use before: 147.3 MB.
System memory in use after: 147.4 MB.

Unloading 22 unused Assets to reduce memory usage. Loaded Objects now: 1445.
Total: 1.094396 ms (FindLiveObjects: 0.097619 ms CreateObjectMapping: 0.021167 ms MarkObjects: 0.963331 ms  DeleteObjects: 0.011485 ms)

========================================================================
Received Import Request.
  Time since last request: 194.809521 seconds.
  path: Packages/com.biomotionlab.sup/Settings/Default Display Settings.asset
  artifactKey: Guid(0e4d1afa9676df64b89b6b93e5ce0fbb) Importer(815301076,1909f56bfc062723c751e8b465ee728b)
Start importing Packages/com.biomotionlab.sup/Settings/Default Display Settings.asset using Guid(0e4d1afa9676df64b89b6b93e5ce0fbb) Importer(815301076,1909f56bfc062723c751e8b465ee728b)  -> (artifact id: '89b8cd641c8bb3e6771cae78472d47f4') in 0.009105 seconds
  Import took 0.010772 seconds .

========================================================================
Received Import Request.
  Time since last request: 0.003106 seconds.
  path: Packages/com.biomotionlab.sup/Settings/Default Display Settings.asset
  artifactKey: Guid(0e4d1afa9676df64b89b6b93e5ce0fbb) Importer(815301076,1909f56bfc062723c751e8b465ee728b)
Start importing Packages/com.biomotionlab.sup/Settings/Default Display Settings.asset using Guid(0e4d1afa9676df64b89b6b93e5ce0fbb) Importer(815301076,1909f56bfc062723c751e8b465ee728b)  -> (artifact id: '89b8cd641c8bb3e6771cae78472d47f4') in 0.002204 seconds
  Import took 0.003543 seconds .

========================================================================
Received Import Request.
  Time since last request: 227.803520 seconds.
  path: Packages/com.biomotionlab.sup/Settings/Default Body Options.asset
  artifactKey: Guid(fedfe4bc52c3f834f9eefa1222f36e43) Importer(815301076,1909f56bfc062723c751e8b465ee728b)
Start importing Packages/com.biomotionlab.sup/Settings/Default Body Options.asset using Guid(fedfe4bc52c3f834f9eefa1222f36e43) Importer(815301076,1909f56bfc062723c751e8b465ee728b)  -> (artifact id: '0b9a94f89f9c0a6b26ffb154c848c099') in 0.001533 seconds
  Import took 0.002794 seconds .

========================================================================
Received Import Request.
  Time since last request: 124.190813 seconds.
  path: Packages/com.biomotionlab.sup/Samples/SUPViewer/SUPViewer.cs
  artifactKey: Guid(0085ec48a3466434295badc5e3f0584f) Importer(815301076,1909f56bfc062723c751e8b465ee728b)
Start importing Packages/com.biomotionlab.sup/Samples/SUPViewer/SUPViewer.cs using Guid(0085ec48a3466434295badc5e3f0584f) Importer(815301076,1909f56bfc062723c751e8b465ee728b)  -> (artifact id: '5470ae44c7ab2c7583ef94809f4cba82') in 0.164351 seconds
  Import took 0.165801 seconds .

========================================================================
Received Prepare
Registering precompiled user dll's ...
Registered in 0.003804 seconds.
Begin MonoManager ReloadAssembly
Native extension for LinuxStandalone target not found
Native extension for WindowsStandalone target not found
Native extension for OSXStandalone target not found
Refreshing native plugins compatible for Editor in 0.25 ms, found 4 plugins.
Preloading 0 native plugins for Editor in 0.00 ms.
Invoked RoslynAnalysisRunner static constructor.
RoslynAnalysisRunner will not be running.
RoslynAnalysisRunner has terminated.
Mono: successfully reloaded assembly
- Completed reload, in  0.760 seconds
Platform modules already initialized, skipping
Refreshing native plugins compatible for Editor in 0.25 ms, found 4 plugins.
Preloading 0 native plugins for Editor in 0.00 ms.
Unloading 946 Unused Serialized files (Serialized files now loaded: 0)
System memory in use before: 151.7 MB.
System memory in use after: 151.8 MB.

Unloading 22 unused Assets to reduce memory usage. Loaded Objects now: 1448.
Total: 1.161875 ms (FindLiveObjects: 0.103215 ms CreateObjectMapping: 0.024509 ms MarkObjects: 1.020716 ms  DeleteObjects: 0.012642 ms)

========================================================================
Received Import Request.
  Time since last request: 385.312673 seconds.
  path: Assets/FreezeCameraButton.cs
  artifactKey: Guid(e50c6e64da6ed427692ab6bbbf272f60) Importer(815301076,1909f56bfc062723c751e8b465ee728b)
Start importing Assets/FreezeCameraButton.cs using Guid(e50c6e64da6ed427692ab6bbbf272f60) Importer(815301076,1909f56bfc062723c751e8b465ee728b)  -> (artifact id: '61cbf13998dbed6f319fdd9018d742cc') in 0.004095 seconds
  Import took 0.005560 seconds .

AssetImportWorkerClient::OnTransportError - code=2 error=End of file
